<?xml version="1.0" encoding="UTF-8"?>
<testsuite name="effects.OptionTest" tests="14" skipped="0" failures="0" errors="0" timestamp="2022-06-27T15:27:36" hostname="Toms-MacBook-Pro.local" time="0.044">
  <properties/>
  <testcase name="testNone()[jvm]" classname="effects.OptionTest" time="0.029"/>
  <testcase name="testShow()[jvm]" classname="effects.OptionTest" time="0.003"/>
  <testcase name="testCombineForNone()[jvm]" classname="effects.OptionTest" time="0.001"/>
  <testcase name="testMultipleMapsTogether()[jvm]" classname="effects.OptionTest" time="0.001"/>
  <testcase name="testSomeFlatMap()[jvm]" classname="effects.OptionTest" time="0.0"/>
  <testcase name="testResolveForNone()[jvm]" classname="effects.OptionTest" time="0.001"/>
  <testcase name="testResolveForSome()[jvm]" classname="effects.OptionTest" time="0.001"/>
  <testcase name="testCreateSome()[jvm]" classname="effects.OptionTest" time="0.0"/>
  <testcase name="testOptionFrom()[jvm]" classname="effects.OptionTest" time="0.0"/>
  <testcase name="testCombineForSomeChar()[jvm]" classname="effects.OptionTest" time="0.001"/>
  <testcase name="testCombineForSomeString()[jvm]" classname="effects.OptionTest" time="0.0"/>
  <testcase name="testCombineForSomeInt()[jvm]" classname="effects.OptionTest" time="0.0"/>
  <testcase name="testSomeMap()[jvm]" classname="effects.OptionTest" time="0.001"/>
  <testcase name="testFlattenForSomeOfSome()[jvm]" classname="effects.OptionTest" time="0.001"/>
  <system-out><![CDATA[]]></system-out>
  <system-err><![CDATA[]]></system-err>
</testsuite>
